<?xml version="1.0" encoding="UTF-8"?>
<testng-results skipped="0" failed="0" ignored="0" total="1" passed="1">
  <reporter-output>
  </reporter-output>
  <suite name="Surefire suite" duration-ms="121" started-at="2022-03-22T21:14:17 IST" finished-at="2022-03-22T21:14:17 IST">
    <groups>
    </groups>
    <test name="Surefire test" duration-ms="121" started-at="2022-03-22T21:14:17 IST" finished-at="2022-03-22T21:14:17 IST">
      <class name="Shopclues.AppTest">
        <test-method status="PASS" signature="shouldAnswerWithTrue()" name="shouldAnswerWithTrue" duration-ms="10" started-at="2022-03-22T21:14:17 IST" finished-at="2022-03-22T21:14:17 IST">
          <reporter-output>
          </reporter-output>
        </test-method> <!-- shouldAnswerWithTrue -->
      </class> <!-- Shopclues.AppTest -->
    </test> <!-- Surefire test -->
  </suite> <!-- Surefire suite -->
</testng-results>
