<?xml version="1.0" encoding="UTF-8"?>
<!-- Generated by org.testng.reporters.JUnitXMLReporter -->
<testsuite hostname="WINDOWS-R8SKFHD" ignored="0" name="Surefire test" tests="2" failures="2" timestamp="2022-03-22T21:14:17 IST" time="180.93" errors="0">
  <testcase name="baseNavigationPage" time="107.157" classname="Shopclues.HomePageTest">
    <failure type="java.lang.AssertionError" message="did not expect [Account already exists with this email. Please login.] but found [Account already exists with this email. Please login.]">
      <![CDATA[java.lang.AssertionError: did not expect [Account already exists with this email. Please login.] but found [Account already exists with this email. Please login.]
at Shopclues.HomePageTest.baseNavigationPage(HomePageTest.java:67)
at java.util.ArrayList.forEach(ArrayList.java:1259)
... Removed 37 stack frames]]>
    </failure>
  </testcase> <!-- baseNavigationPage -->
  <testcase name="baseNavigationPage" time="34.438" classname="Shopclues.HomePageTest">
    <failure type="java.lang.AssertionError" message="expected [Account already exists with this mobile number. Please login.] but found [Invalid mobile number.]">
      <![CDATA[java.lang.AssertionError: expected [Account already exists with this mobile number. Please login.] but found [Invalid mobile number.]
at Shopclues.HomePageTest.baseNavigationPage(HomePageTest.java:72)
at java.util.ArrayList.forEach(ArrayList.java:1259)
... Removed 38 stack frames]]>
    </failure>
  </testcase> <!-- baseNavigationPage -->
</testsuite> <!-- Surefire test -->
